<?xml version="1.0" encoding="UTF-8"?>
<!-- Generated by org.testng.reporters.JUnitReportReporter -->
<testsuite hostname="LAPTOP-H7T2Q7DG" failures="0" tests="1" name="testcases.SigninPageTest" time="17.688" errors="0" timestamp="2021-10-24T11:45:20 IST" skipped="0">
  <testcase classname="testcases.SigninPageTest" name="testSigninUser" time="17.688"/>
  <system-out/>
</testsuite> <!-- testcases.SigninPageTest -->
